<?xml version="1.0" encoding="UTF-8"?>
<!-- Generated by org.testng.reporters.JUnitXMLReporter -->
<testsuite hostname="Kamal" ignored="0" name="Free CRM App Test Cases" tests="9" failures="0" timestamp="2025-06-13T00:01:17 EDT" time="30.844" errors="0">
  <testcase name="loginPageTitleTest" time="0.009" classname="com.crm.qa.test.LoginPageTest"/>
  <testcase name="crmLogoImageTest" time="0.193" classname="com.crm.qa.test.LoginPageTest"/>
  <testcase name="loginTest" time="0.315" classname="com.crm.qa.test.LoginPageTest"/>
  <testcase name="homePageTitleTest" time="0.004" classname="com.crm.qa.test.HomePageTest"/>
  <testcase name="validateUsernameTest" time="0.822" classname="com.crm.qa.test.HomePageTest"/>
  <testcase name="clickTimePageTest" time="1.307" classname="com.crm.qa.test.HomePageTest"/>
  <testcase name="clickRecruitmentPageTest" time="1.259" classname="com.crm.qa.test.HomePageTest"/>
  <testcase name="verifyRecruitmentPageLabel" time="0.158" classname="com.crm.qa.test.RecruitmentPageTest"/>
  <testcase name="verifySearchButton" time="0.199" classname="com.crm.qa.test.RecruitmentPageTest"/>
</testsuite> <!-- Free CRM App Test Cases -->
