<?xml version="1.0" encoding="UTF-8"?>
<!-- Generated by org.testng.reporters.JUnitXMLReporter -->
<testsuite hostname="Kamal" ignored="0" name="Default test" tests="4" failures="0" timestamp="2025-06-13T00:53:01 EDT" time="23.978" errors="0">
  <testcase name="verifyRecruitmentPageLabel" time="0.264" classname="com.crm.qa.test.RecruitmentPageTest"/>
  <testcase name="verifySearchButton" time="0.741" classname="com.crm.qa.test.RecruitmentPageTest"/>
  <testcase name="verifySearchButton" time="0.624" classname="com.crm.qa.test.RecruitmentPageTest"/>
  <testcase name="verifySearchButton" time="0.641" classname="com.crm.qa.test.RecruitmentPageTest"/>
</testsuite> <!-- Default test -->
